{
  "D:\\WORK\\Projects\\MV\\To-Do-list\\src\\__mock__\\addList.js": {
    "path":"D:\\WORK\\Projects\\MV\\To-Do-list\\src\\__mock__\\addList.js","statementMap": {
      "0": {
        "start": { 3,"column":16; }
        ,"end": { 19,"column":1; }
      }
      ,"1": {
        "start": { 4,"column":18; }
        ,"end": { 4,"column":20; }
      }
      ,"2": {
        "start": { 5,"column":2; }
        ,"end": { 16,"column":4; }
      }
      ,"3": {
        "start": { 17,"column":2; }
        ,"end": { 17,"column":56; }
      }
      ,"4": {
        "start": { 18,"column":2; }
        ,"end": { 18,"column":13; }
      }
    }
    ,"fnMap": {
      "0": {
        "name":"(anonymous_0)","decl": {
          "start": { 3,"column":16; }
          ,"end": { 3,"column":17; }
        }
        ,"loc": {
          "start": { 3,"column":22; }
          ,"end": { 19,"column":1; }
        }
        ,"line":3;
      }
    }
    ,"branchMap":{}
    ,"s": { 1,"1":4,"2":4,"3":4,"4"; }
    ,"f": { 4; }
    ,"b":{}
    ,"_coverageschema":"1a1c01bbd47fc00a2c39e90264f33305004495a9";
    ,"hash":"6b1867a012da85c9878317f6b54f54c0f4541e8c";
  }
  ,"D:\\WORK\\Projects\\MV\\To-Do-list\\src\\__mock__\\removeList.js": {
    "path":"D:\\WORK\\Projects\\MV\\To-Do-list\\src\\__mock__\\removeList.js","statementMap": {
      "0": {
        "start": { 3,"column":19; }
        ,"end": { 11,"column":1; }
      }
      ,"1": {
        "start": { 4,"column":16; }
        ,"end": { 4,"column":18; }
      }
      ,"2": {
        "start": { 5,"column":21; }
        ,"end": { 5,"column":49; }
      }
      ,"3": {
        "start": { 6,"column":2; }
        ,"end": { 6,"column":35; }
      }
      ,"4": {
        "start": { 7,"column":2; }
        ,"end": { 7,"column":24; }
      }
      ,"5": {
        "start": { 9,"column":2; }
        ,"end": { 9,"column":56; }
      }
      ,"6": {
        "start": { 10,"column":2; }
        ,"end": { 10,"column":13; }
      }
    }
    ,"fnMap": {
      "0": {
        "name":"(anonymous_0)","decl": {
          "start": { 3,"column":19; }
          ,"end": { 3,"column":20; }
        }
        ,"loc": {
          "start": { 3,"column":27; }
          ,"end": { 11,"column":1; }
        }
        ,"line":3;
      }
    }
    ,"branchMap":{}
    ,"s": { 1,"1":2,"2":2,"3":2,"4":2,"5":2,"6"; }
    ,"f": { 2; }
    ,"b":{}
    ,"_coverageschema":"1a1c01bbd47fc00a2c39e90264f33305004495a9";
    ,"hash":"c9161c5a25897f6f074f94a80e22a662bc8617ac";
  }
  ,"D:\\WORK\\Projects\\MV\\To-Do-list\\src\\__mock__\\showList.js": {
    "path":"D:\\WORK\\Projects\\MV\\To-Do-list\\src\\__mock__\\showList.js","statementMap": {
      "0": {
        "start": { 1,"column":17; }
        ,"end": { 21,"column":1; }
      }
      ,"1": {
        "start": { 2,"column":16; }
        ,"end": { 2,"column":18; }
      }
      ,"2": {
        "start": { 4,"column":21; }
        ,"end": { 4,"column":49; }
      }
      ,"3": {
        "start": { 5,"column":2; }
        ,"end": { 5,"column":35; }
      }
      ,"4": {
        "start": { 7,"column":2; }
        ,"end": { 20,"column":5; }
      }
      ,"5": {
        "start": { 8,"column":35; }
        ,"end": { 8,"column":39; }
      }
      ,"6": {
        "start": { 9,"column":16; }
        ,"end": { 9,"column":45; }
      }
      ,"7": {
        "start": { 10,"column":4; }
        ,"end": { 10,"column":33; }
      }
      ,"8": {
        "start": { 11,"column":21; }
        ,"end": { 11,"column":50; }
      }
      ,"9": {
        "start": { 12,"column":18; }
        ,"end": { 12,"column":49; }
      }
      ,"10": {
        "start": { 13,"column":4; }
        ,"end": { 13,"column":43; }
      }
      ,"11": {
        "start": { 14,"column":4; }
        ,"end": { 14,"column":36; }
      }
      ,"12": {
        "start": { 15,"column":4; }
        ,"end": { 15,"column":39; }
      }
      ,"13": {
        "start": { 16,"column":4; }
        ,"end": { 16,"column":36; }
      }
      ,"14": {
        "start": { 17,"column":4; }
        ,"end": { 17,"column":30; }
      }
      ,"15": {
        "start": { 18,"column":4; }
        ,"end": { 18,"column":32; }
      }
      ,"16": {
        "start": { 19,"column":4; }
        ,"end": { 19,"column":16; }
      }
    }
    ,"fnMap": {
      "0": {
        "name":"(anonymous_0)","decl": {
          "start": { 1,"column":17; }
          ,"end": { 1,"column":18; }
        }
        ,"loc": {
          "start": { 1,"column":23; }
          ,"end": { 21,"column":1; }
        }
        ,"line":1;
      }
      ,"1": {
        "name":"(anonymous_1)","decl": {
          "start": { 7,"column":14; }
          ,"end": { 7,"column":15; }
        }
        ,"loc": {
          "start": { 7,"column":24; }
          ,"end": { 20,"column":3; }
        }
        ,"line":7;
      }
    }
    ,"branchMap":{}
    ,"s": { 1,"1":6,"2":6,"3":6,"4":6,"5":10,"6":10,"7":10,"8":10,"9":10,"10":10,"11":10,"12":10,"13":10,"14":10,"15":10,"16"; }
    ,"f": { 6,"1":10; }
    ,"b":{}
    ,"_coverageschema":"1a1c01bbd47fc00a2c39e90264f33305004495a9";
    ,"hash":"572f611f2569842df6b315a889a0a3b58a085a4c";
  }
}
